
2017-09-23 22:58:37 127.0.0.1
Table 'shopscript.wa_app_settings' doesn't exist
## wa-system/database/waDbMysqliAdapter.class.php(280)
#0 wa-system/database/waDbMysqliAdapter.class.php(156): waDbMysqliAdapter->exception()
#1 wa-system/database/waModel.class.php(171): waDbMysqliAdapter->schema('wa_app_settings', false)
#2 wa-system/database/waModel.class.php(127): waModel->describe()
#3 wa-system/database/waModel.class.php(97): waModel->getFields()
#4 wa-system/database/waModel.class.php(77): waModel->getMetadata()
#5 wa-system/contact/waContact.class.php(68): waModel->__construct()
#6 wa-system/user/waUser.class.php(22): waContact->init()
#7 wa-system/user/waAuthUser.class.php(30): waUser->init()
#8 wa-system/user/waAuthUser.class.php(24): waAuthUser->init()
#9 wa-system/waSystem.class.php(238): waAuthUser->__construct(NULL, Array)
#10 wa-system/waSystem.class.php(279): waSystem::getCommonFactory('auth_user', 'waAuthUser', Array, NULL)
#11 wa-system/waSystem.class.php(516): waSystem->getUser()
#12 wa-system/waSystem.class.php(483): waSystem->dispatchBackend('webasyst/')
#13 index.php(7): waSystem->dispatch()
#14 {main}

2017-09-23 22:58:37 127.0.0.1
Table 'shopscript.wa_app_settings' doesn't exist
## wa-system/database/waDbMysqliAdapter.class.php(280)
#0 wa-system/database/waDbMysqliAdapter.class.php(156): waDbMysqliAdapter->exception()
#1 wa-system/database/waModel.class.php(171): waDbMysqliAdapter->schema('wa_app_settings', false)
#2 wa-system/database/waModel.class.php(127): waModel->describe()
#3 wa-system/database/waModel.class.php(97): waModel->getFields()
#4 wa-system/database/waModel.class.php(77): waModel->getMetadata()
#5 wa-system/auth/waAuth.class.php(43): waModel->__construct()
#6 wa-system/waSystem.class.php(213): waAuth->__construct(Array)
#7 wa-system/waSystem.class.php(380): waSystem->getFactory('auth', 'waAuth', Array)
#8 wa-system/user/waAuthUser.class.php(43): waSystem->getAuth()
#9 wa-system/user/waAuthUser.class.php(24): waAuthUser->init()
#10 wa-system/waSystem.class.php(238): waAuthUser->__construct(NULL, Array)
#11 wa-system/waSystem.class.php(279): waSystem::getCommonFactory('auth_user', 'waAuthUser', Array, NULL)
#12 wa-system/waSystem.class.php(516): waSystem->getUser()
#13 wa-system/waSystem.class.php(483): waSystem->dispatchBackend('webasyst/')
#14 index.php(7): waSystem->dispatch()
#15 {main}

2017-09-23 22:58:37 127.0.0.1
Table 'shopscript.wa_app_settings' doesn't exist
## wa-system/database/waDbMysqliAdapter.class.php(280)
#0 wa-system/database/waDbMysqliAdapter.class.php(156): waDbMysqliAdapter->exception()
#1 wa-system/database/waModel.class.php(171): waDbMysqliAdapter->schema('wa_app_settings', false)
#2 wa-system/database/waModel.class.php(127): waModel->describe()
#3 wa-system/database/waModel.class.php(97): waModel->getFields()
#4 wa-system/database/waModel.class.php(77): waModel->getMetadata()
#5 wa-system/config/waAppConfig.class.php(261): waModel->__construct()
#6 wa-system/waSystem.class.php(94): waAppConfig->checkUpdates()
#7 wa-system/waSystem.class.php(1642): waSystem::getInstance('webasyst', NULL, 1)
#8 wa-system/waSystem.class.php(517): wa('webasyst', 1)
#9 wa-system/waSystem.class.php(483): waSystem->dispatchBackend('webasyst/')
#10 index.php(7): waSystem->dispatch()
#11 {main}

2017-09-29 16:29:04 127.0.0.1
Query Error 1062: Duplicate entry '7-черный' for key 'values'
Query: INSERT  INTO shop_feature_values_color
                   (`value`, `code`, `sort`, `feature_id`) VALUES ('черный', '0', '1', '7')
## wa-system/database/waModel.class.php(243)
#0 wa-system/database/waModel.class.php(343): waModel->run('INSERT  INTO sh...')
#1 wa-system/database/waModel.class.php(569): waModel->query('INSERT  INTO sh...')
#2 wa-apps/shop/lib/model/shopSortable.model.php(129): waModel->insert(Array, 0)
#3 wa-apps/shop/lib/model/shopFeatureValues.model.php(235): shopSortableModel->insert(Array)
#4 wa-apps/shop/lib/model/shopFeature.model.php(386): shopFeatureValuesModel->addValue('7', '????????????', NULL, 'color', 1)
#5 wa-apps/shop/lib/model/shopType.model.php(271): shopFeatureModel->setValues(Array, Array, false, true)
#6 wa-apps/shop/lib/actions/backend/shopBackendWelcome.action.php(116): shopTypeModel->insertTemplate('footwear')
#7 wa-apps/shop/lib/actions/backend/shopBackendWelcome.action.php(37): shopBackendWelcomeAction->setup()
#8 wa-system/controller/waViewAction.class.php(170): shopBackendWelcomeAction->execute()
#9 wa-system/controller/waViewController.class.php(86): waViewAction->display()
#10 wa-system/controller/waDefaultViewController.class.php(48): waViewController->executeAction(Object(shopBackendWelcomeAction))
#11 wa-system/controller/waController.class.php(21): waDefaultViewController->execute()
#12 wa-system/controller/waViewController.class.php(46): waController->run(NULL)
#13 wa-system/controller/waFrontController.class.php(229): waViewController->run(NULL)
#14 wa-system/controller/waFrontController.class.php(164): waFrontController->runController(Object(waDefaultViewController), NULL)
#15 wa-system/controller/waFrontController.class.php(58): waFrontController->execute(NULL, 'backend', 'welcome')
#16 wa-system/waSystem.class.php(552): waFrontController->dispatch()
#17 wa-system/waSystem.class.php(483): waSystem->dispatchBackend('webasyst/shop/')
#18 index.php(7): waSystem->dispatch()
#19 {main}

2017-09-29 16:29:04 127.0.0.1
Query Error 1062: Duplicate entry '7-коричневый' for key 'values'
Query: INSERT  INTO shop_feature_values_color
                   (`value`, `code`, `sort`, `feature_id`) VALUES ('коричневый', '9849600', '2', '7')
## wa-system/database/waModel.class.php(243)
#0 wa-system/database/waModel.class.php(343): waModel->run('INSERT  INTO sh...')
#1 wa-system/database/waModel.class.php(569): waModel->query('INSERT  INTO sh...')
#2 wa-apps/shop/lib/model/shopSortable.model.php(129): waModel->insert(Array, 0)
#3 wa-apps/shop/lib/model/shopFeatureValues.model.php(235): shopSortableModel->insert(Array)
#4 wa-apps/shop/lib/model/shopFeature.model.php(386): shopFeatureValuesModel->addValue('7', '???????????????...', NULL, 'color', 2)
#5 wa-apps/shop/lib/model/shopType.model.php(271): shopFeatureModel->setValues(Array, Array, false, true)
#6 wa-apps/shop/lib/actions/backend/shopBackendWelcome.action.php(116): shopTypeModel->insertTemplate('footwear')
#7 wa-apps/shop/lib/actions/backend/shopBackendWelcome.action.php(37): shopBackendWelcomeAction->setup()
#8 wa-system/controller/waViewAction.class.php(170): shopBackendWelcomeAction->execute()
#9 wa-system/controller/waViewController.class.php(86): waViewAction->display()
#10 wa-system/controller/waDefaultViewController.class.php(48): waViewController->executeAction(Object(shopBackendWelcomeAction))
#11 wa-system/controller/waController.class.php(21): waDefaultViewController->execute()
#12 wa-system/controller/waViewController.class.php(46): waController->run(NULL)
#13 wa-system/controller/waFrontController.class.php(229): waViewController->run(NULL)
#14 wa-system/controller/waFrontController.class.php(164): waFrontController->runController(Object(waDefaultViewController), NULL)
#15 wa-system/controller/waFrontController.class.php(58): waFrontController->execute(NULL, 'backend', 'welcome')
#16 wa-system/waSystem.class.php(552): waFrontController->dispatch()
#17 wa-system/waSystem.class.php(483): waSystem->dispatchBackend('webasyst/shop/')
#18 index.php(7): waSystem->dispatch()
#19 {main}

2017-09-29 16:29:04 127.0.0.1
Query Error 1062: Duplicate entry '7-белый' for key 'values'
Query: INSERT  INTO shop_feature_values_color
                   (`value`, `code`, `sort`, `feature_id`) VALUES ('белый', '16777215', '3', '7')
## wa-system/database/waModel.class.php(243)
#0 wa-system/database/waModel.class.php(343): waModel->run('INSERT  INTO sh...')
#1 wa-system/database/waModel.class.php(569): waModel->query('INSERT  INTO sh...')
#2 wa-apps/shop/lib/model/shopSortable.model.php(129): waModel->insert(Array, 0)
#3 wa-apps/shop/lib/model/shopFeatureValues.model.php(235): shopSortableModel->insert(Array)
#4 wa-apps/shop/lib/model/shopFeature.model.php(386): shopFeatureValuesModel->addValue('7', '??????????', NULL, 'color', 3)
#5 wa-apps/shop/lib/model/shopType.model.php(271): shopFeatureModel->setValues(Array, Array, false, true)
#6 wa-apps/shop/lib/actions/backend/shopBackendWelcome.action.php(116): shopTypeModel->insertTemplate('footwear')
#7 wa-apps/shop/lib/actions/backend/shopBackendWelcome.action.php(37): shopBackendWelcomeAction->setup()
#8 wa-system/controller/waViewAction.class.php(170): shopBackendWelcomeAction->execute()
#9 wa-system/controller/waViewController.class.php(86): waViewAction->display()
#10 wa-system/controller/waDefaultViewController.class.php(48): waViewController->executeAction(Object(shopBackendWelcomeAction))
#11 wa-system/controller/waController.class.php(21): waDefaultViewController->execute()
#12 wa-system/controller/waViewController.class.php(46): waController->run(NULL)
#13 wa-system/controller/waFrontController.class.php(229): waViewController->run(NULL)
#14 wa-system/controller/waFrontController.class.php(164): waFrontController->runController(Object(waDefaultViewController), NULL)
#15 wa-system/controller/waFrontController.class.php(58): waFrontController->execute(NULL, 'backend', 'welcome')
#16 wa-system/waSystem.class.php(552): waFrontController->dispatch()
#17 wa-system/waSystem.class.php(483): waSystem->dispatchBackend('webasyst/shop/')
#18 index.php(7): waSystem->dispatch()
#19 {main}

2017-09-29 16:29:04 127.0.0.1
Query Error 1062: Duplicate entry '7-красный' for key 'values'
Query: INSERT  INTO shop_feature_values_color
                   (`value`, `code`, `sort`, `feature_id`) VALUES ('красный', '16711680', '4', '7')
## wa-system/database/waModel.class.php(243)
#0 wa-system/database/waModel.class.php(343): waModel->run('INSERT  INTO sh...')
#1 wa-system/database/waModel.class.php(569): waModel->query('INSERT  INTO sh...')
#2 wa-apps/shop/lib/model/shopSortable.model.php(129): waModel->insert(Array, 0)
#3 wa-apps/shop/lib/model/shopFeatureValues.model.php(235): shopSortableModel->insert(Array)
#4 wa-apps/shop/lib/model/shopFeature.model.php(386): shopFeatureValuesModel->addValue('7', '??????????????', NULL, 'color', 4)
#5 wa-apps/shop/lib/model/shopType.model.php(271): shopFeatureModel->setValues(Array, Array, false, true)
#6 wa-apps/shop/lib/actions/backend/shopBackendWelcome.action.php(116): shopTypeModel->insertTemplate('footwear')
#7 wa-apps/shop/lib/actions/backend/shopBackendWelcome.action.php(37): shopBackendWelcomeAction->setup()
#8 wa-system/controller/waViewAction.class.php(170): shopBackendWelcomeAction->execute()
#9 wa-system/controller/waViewController.class.php(86): waViewAction->display()
#10 wa-system/controller/waDefaultViewController.class.php(48): waViewController->executeAction(Object(shopBackendWelcomeAction))
#11 wa-system/controller/waController.class.php(21): waDefaultViewController->execute()
#12 wa-system/controller/waViewController.class.php(46): waController->run(NULL)
#13 wa-system/controller/waFrontController.class.php(229): waViewController->run(NULL)
#14 wa-system/controller/waFrontController.class.php(164): waFrontController->runController(Object(waDefaultViewController), NULL)
#15 wa-system/controller/waFrontController.class.php(58): waFrontController->execute(NULL, 'backend', 'welcome')
#16 wa-system/waSystem.class.php(552): waFrontController->dispatch()
#17 wa-system/waSystem.class.php(483): waSystem->dispatchBackend('webasyst/shop/')
#18 index.php(7): waSystem->dispatch()
#19 {main}

2017-09-29 16:29:04 127.0.0.1
Query Error 1062: Duplicate entry '7-зеленый' for key 'values'
Query: INSERT  INTO shop_feature_values_color
                   (`value`, `code`, `sort`, `feature_id`) VALUES ('зеленый', '65280', '6', '7')
## wa-system/database/waModel.class.php(243)
#0 wa-system/database/waModel.class.php(343): waModel->run('INSERT  INTO sh...')
#1 wa-system/database/waModel.class.php(569): waModel->query('INSERT  INTO sh...')
#2 wa-apps/shop/lib/model/shopSortable.model.php(129): waModel->insert(Array, 0)
#3 wa-apps/shop/lib/model/shopFeatureValues.model.php(235): shopSortableModel->insert(Array)
#4 wa-apps/shop/lib/model/shopFeature.model.php(386): shopFeatureValuesModel->addValue('7', '??????????????', NULL, 'color', 6)
#5 wa-apps/shop/lib/model/shopType.model.php(271): shopFeatureModel->setValues(Array, Array, false, true)
#6 wa-apps/shop/lib/actions/backend/shopBackendWelcome.action.php(116): shopTypeModel->insertTemplate('footwear')
#7 wa-apps/shop/lib/actions/backend/shopBackendWelcome.action.php(37): shopBackendWelcomeAction->setup()
#8 wa-system/controller/waViewAction.class.php(170): shopBackendWelcomeAction->execute()
#9 wa-system/controller/waViewController.class.php(86): waViewAction->display()
#10 wa-system/controller/waDefaultViewController.class.php(48): waViewController->executeAction(Object(shopBackendWelcomeAction))
#11 wa-system/controller/waController.class.php(21): waDefaultViewController->execute()
#12 wa-system/controller/waViewController.class.php(46): waController->run(NULL)
#13 wa-system/controller/waFrontController.class.php(229): waViewController->run(NULL)
#14 wa-system/controller/waFrontController.class.php(164): waFrontController->runController(Object(waDefaultViewController), NULL)
#15 wa-system/controller/waFrontController.class.php(58): waFrontController->execute(NULL, 'backend', 'welcome')
#16 wa-system/waSystem.class.php(552): waFrontController->dispatch()
#17 wa-system/waSystem.class.php(483): waSystem->dispatchBackend('webasyst/shop/')
#18 index.php(7): waSystem->dispatch()
#19 {main}

2017-09-29 16:29:05 127.0.0.1
Query Error 1062: Duplicate entry '7-оранжевый' for key 'values'
Query: INSERT  INTO shop_feature_values_color
                   (`value`, `code`, `sort`, `feature_id`) VALUES ('оранжевый', '16753920', '7', '7')
## wa-system/database/waModel.class.php(243)
#0 wa-system/database/waModel.class.php(343): waModel->run('INSERT  INTO sh...')
#1 wa-system/database/waModel.class.php(569): waModel->query('INSERT  INTO sh...')
#2 wa-apps/shop/lib/model/shopSortable.model.php(129): waModel->insert(Array, 0)
#3 wa-apps/shop/lib/model/shopFeatureValues.model.php(235): shopSortableModel->insert(Array)
#4 wa-apps/shop/lib/model/shopFeature.model.php(386): shopFeatureValuesModel->addValue('7', '???????????????...', NULL, 'color', 7)
#5 wa-apps/shop/lib/model/shopType.model.php(271): shopFeatureModel->setValues(Array, Array, false, true)
#6 wa-apps/shop/lib/actions/backend/shopBackendWelcome.action.php(116): shopTypeModel->insertTemplate('footwear')
#7 wa-apps/shop/lib/actions/backend/shopBackendWelcome.action.php(37): shopBackendWelcomeAction->setup()
#8 wa-system/controller/waViewAction.class.php(170): shopBackendWelcomeAction->execute()
#9 wa-system/controller/waViewController.class.php(86): waViewAction->display()
#10 wa-system/controller/waDefaultViewController.class.php(48): waViewController->executeAction(Object(shopBackendWelcomeAction))
#11 wa-system/controller/waController.class.php(21): waDefaultViewController->execute()
#12 wa-system/controller/waViewController.class.php(46): waController->run(NULL)
#13 wa-system/controller/waFrontController.class.php(229): waViewController->run(NULL)
#14 wa-system/controller/waFrontController.class.php(164): waFrontController->runController(Object(waDefaultViewController), NULL)
#15 wa-system/controller/waFrontController.class.php(58): waFrontController->execute(NULL, 'backend', 'welcome')
#16 wa-system/waSystem.class.php(552): waFrontController->dispatch()
#17 wa-system/waSystem.class.php(483): waSystem->dispatchBackend('webasyst/shop/')
#18 index.php(7): waSystem->dispatch()
#19 {main}

2017-09-29 16:29:05 127.0.0.1
Query Error 1062: Duplicate entry '7-желтый' for key 'values'
Query: INSERT  INTO shop_feature_values_color
                   (`value`, `code`, `sort`, `feature_id`) VALUES ('желтый', '16776960', '8', '7')
## wa-system/database/waModel.class.php(243)
#0 wa-system/database/waModel.class.php(343): waModel->run('INSERT  INTO sh...')
#1 wa-system/database/waModel.class.php(569): waModel->query('INSERT  INTO sh...')
#2 wa-apps/shop/lib/model/shopSortable.model.php(129): waModel->insert(Array, 0)
#3 wa-apps/shop/lib/model/shopFeatureValues.model.php(235): shopSortableModel->insert(Array)
#4 wa-apps/shop/lib/model/shopFeature.model.php(386): shopFeatureValuesModel->addValue('7', '????????????', NULL, 'color', 8)
#5 wa-apps/shop/lib/model/shopType.model.php(271): shopFeatureModel->setValues(Array, Array, false, true)
#6 wa-apps/shop/lib/actions/backend/shopBackendWelcome.action.php(116): shopTypeModel->insertTemplate('footwear')
#7 wa-apps/shop/lib/actions/backend/shopBackendWelcome.action.php(37): shopBackendWelcomeAction->setup()
#8 wa-system/controller/waViewAction.class.php(170): shopBackendWelcomeAction->execute()
#9 wa-system/controller/waViewController.class.php(86): waViewAction->display()
#10 wa-system/controller/waDefaultViewController.class.php(48): waViewController->executeAction(Object(shopBackendWelcomeAction))
#11 wa-system/controller/waController.class.php(21): waDefaultViewController->execute()
#12 wa-system/controller/waViewController.class.php(46): waController->run(NULL)
#13 wa-system/controller/waFrontController.class.php(229): waViewController->run(NULL)
#14 wa-system/controller/waFrontController.class.php(164): waFrontController->runController(Object(waDefaultViewController), NULL)
#15 wa-system/controller/waFrontController.class.php(58): waFrontController->execute(NULL, 'backend', 'welcome')
#16 wa-system/waSystem.class.php(552): waFrontController->dispatch()
#17 wa-system/waSystem.class.php(483): waSystem->dispatchBackend('webasyst/shop/')
#18 index.php(7): waSystem->dispatch()
#19 {main}

2017-09-29 16:29:05 127.0.0.1
Query Error 1062: Duplicate entry '7-серый' for key 'values'
Query: INSERT  INTO shop_feature_values_color
                   (`value`, `code`, `sort`, `feature_id`) VALUES ('серый', '8421504', '9', '7')
## wa-system/database/waModel.class.php(243)
#0 wa-system/database/waModel.class.php(343): waModel->run('INSERT  INTO sh...')
#1 wa-system/database/waModel.class.php(569): waModel->query('INSERT  INTO sh...')
#2 wa-apps/shop/lib/model/shopSortable.model.php(129): waModel->insert(Array, 0)
#3 wa-apps/shop/lib/model/shopFeatureValues.model.php(235): shopSortableModel->insert(Array)
#4 wa-apps/shop/lib/model/shopFeature.model.php(386): shopFeatureValuesModel->addValue('7', '??????????', NULL, 'color', 9)
#5 wa-apps/shop/lib/model/shopType.model.php(271): shopFeatureModel->setValues(Array, Array, false, true)
#6 wa-apps/shop/lib/actions/backend/shopBackendWelcome.action.php(116): shopTypeModel->insertTemplate('footwear')
#7 wa-apps/shop/lib/actions/backend/shopBackendWelcome.action.php(37): shopBackendWelcomeAction->setup()
#8 wa-system/controller/waViewAction.class.php(170): shopBackendWelcomeAction->execute()
#9 wa-system/controller/waViewController.class.php(86): waViewAction->display()
#10 wa-system/controller/waDefaultViewController.class.php(48): waViewController->executeAction(Object(shopBackendWelcomeAction))
#11 wa-system/controller/waController.class.php(21): waDefaultViewController->execute()
#12 wa-system/controller/waViewController.class.php(46): waController->run(NULL)
#13 wa-system/controller/waFrontController.class.php(229): waViewController->run(NULL)
#14 wa-system/controller/waFrontController.class.php(164): waFrontController->runController(Object(waDefaultViewController), NULL)
#15 wa-system/controller/waFrontController.class.php(58): waFrontController->execute(NULL, 'backend', 'welcome')
#16 wa-system/waSystem.class.php(552): waFrontController->dispatch()
#17 wa-system/waSystem.class.php(483): waSystem->dispatchBackend('webasyst/shop/')
#18 index.php(7): waSystem->dispatch()
#19 {main}

2017-09-29 16:29:05 127.0.0.1
Query Error 1062: Duplicate entry '24-мужской' for key 'values'
Query: INSERT  INTO shop_feature_values_varchar
                   (`value`, `sort`, `feature_id`) VALUES ('мужской', '1', '24')
## wa-system/database/waModel.class.php(243)
#0 wa-system/database/waModel.class.php(343): waModel->run('INSERT  INTO sh...')
#1 wa-system/database/waModel.class.php(569): waModel->query('INSERT  INTO sh...')
#2 wa-apps/shop/lib/model/shopSortable.model.php(129): waModel->insert(Array, 0)
#3 wa-apps/shop/lib/model/shopFeatureValues.model.php(235): shopSortableModel->insert(Array)
#4 wa-apps/shop/lib/model/shopFeature.model.php(386): shopFeatureValuesModel->addValue('24', '??????????????', NULL, 'varchar', 1)
#5 wa-apps/shop/lib/model/shopType.model.php(271): shopFeatureModel->setValues(Array, Array, false, true)
#6 wa-apps/shop/lib/actions/backend/shopBackendWelcome.action.php(116): shopTypeModel->insertTemplate('perfumery')
#7 wa-apps/shop/lib/actions/backend/shopBackendWelcome.action.php(37): shopBackendWelcomeAction->setup()
#8 wa-system/controller/waViewAction.class.php(170): shopBackendWelcomeAction->execute()
#9 wa-system/controller/waViewController.class.php(86): waViewAction->display()
#10 wa-system/controller/waDefaultViewController.class.php(48): waViewController->executeAction(Object(shopBackendWelcomeAction))
#11 wa-system/controller/waController.class.php(21): waDefaultViewController->execute()
#12 wa-system/controller/waViewController.class.php(46): waController->run(NULL)
#13 wa-system/controller/waFrontController.class.php(229): waViewController->run(NULL)
#14 wa-system/controller/waFrontController.class.php(164): waFrontController->runController(Object(waDefaultViewController), NULL)
#15 wa-system/controller/waFrontController.class.php(58): waFrontController->execute(NULL, 'backend', 'welcome')
#16 wa-system/waSystem.class.php(552): waFrontController->dispatch()
#17 wa-system/waSystem.class.php(483): waSystem->dispatchBackend('webasyst/shop/')
#18 index.php(7): waSystem->dispatch()
#19 {main}

2017-09-29 16:29:05 127.0.0.1
Query Error 1062: Duplicate entry '24-женский' for key 'values'
Query: INSERT  INTO shop_feature_values_varchar
                   (`value`, `sort`, `feature_id`) VALUES ('женский', '2', '24')
## wa-system/database/waModel.class.php(243)
#0 wa-system/database/waModel.class.php(343): waModel->run('INSERT  INTO sh...')
#1 wa-system/database/waModel.class.php(569): waModel->query('INSERT  INTO sh...')
#2 wa-apps/shop/lib/model/shopSortable.model.php(129): waModel->insert(Array, 0)
#3 wa-apps/shop/lib/model/shopFeatureValues.model.php(235): shopSortableModel->insert(Array)
#4 wa-apps/shop/lib/model/shopFeature.model.php(386): shopFeatureValuesModel->addValue('24', '??????????????', NULL, 'varchar', 2)
#5 wa-apps/shop/lib/model/shopType.model.php(271): shopFeatureModel->setValues(Array, Array, false, true)
#6 wa-apps/shop/lib/actions/backend/shopBackendWelcome.action.php(116): shopTypeModel->insertTemplate('perfumery')
#7 wa-apps/shop/lib/actions/backend/shopBackendWelcome.action.php(37): shopBackendWelcomeAction->setup()
#8 wa-system/controller/waViewAction.class.php(170): shopBackendWelcomeAction->execute()
#9 wa-system/controller/waViewController.class.php(86): waViewAction->display()
#10 wa-system/controller/waDefaultViewController.class.php(48): waViewController->executeAction(Object(shopBackendWelcomeAction))
#11 wa-system/controller/waController.class.php(21): waDefaultViewController->execute()
#12 wa-system/controller/waViewController.class.php(46): waController->run(NULL)
#13 wa-system/controller/waFrontController.class.php(229): waViewController->run(NULL)
#14 wa-system/controller/waFrontController.class.php(164): waFrontController->runController(Object(waDefaultViewController), NULL)
#15 wa-system/controller/waFrontController.class.php(58): waFrontController->execute(NULL, 'backend', 'welcome')
#16 wa-system/waSystem.class.php(552): waFrontController->dispatch()
#17 wa-system/waSystem.class.php(483): waSystem->dispatchBackend('webasyst/shop/')
#18 index.php(7): waSystem->dispatch()
#19 {main}

2017-09-29 16:29:05 127.0.0.1
Query Error 1062: Duplicate entry '24-унисекс' for key 'values'
Query: INSERT  INTO shop_feature_values_varchar
                   (`value`, `sort`, `feature_id`) VALUES ('унисекс', '3', '24')
## wa-system/database/waModel.class.php(243)
#0 wa-system/database/waModel.class.php(343): waModel->run('INSERT  INTO sh...')
#1 wa-system/database/waModel.class.php(569): waModel->query('INSERT  INTO sh...')
#2 wa-apps/shop/lib/model/shopSortable.model.php(129): waModel->insert(Array, 0)
#3 wa-apps/shop/lib/model/shopFeatureValues.model.php(235): shopSortableModel->insert(Array)
#4 wa-apps/shop/lib/model/shopFeature.model.php(386): shopFeatureValuesModel->addValue('24', '??????????????', NULL, 'varchar', 3)
#5 wa-apps/shop/lib/model/shopType.model.php(271): shopFeatureModel->setValues(Array, Array, false, true)
#6 wa-apps/shop/lib/actions/backend/shopBackendWelcome.action.php(116): shopTypeModel->insertTemplate('perfumery')
#7 wa-apps/shop/lib/actions/backend/shopBackendWelcome.action.php(37): shopBackendWelcomeAction->setup()
#8 wa-system/controller/waViewAction.class.php(170): shopBackendWelcomeAction->execute()
#9 wa-system/controller/waViewController.class.php(86): waViewAction->display()
#10 wa-system/controller/waDefaultViewController.class.php(48): waViewController->executeAction(Object(shopBackendWelcomeAction))
#11 wa-system/controller/waController.class.php(21): waDefaultViewController->execute()
#12 wa-system/controller/waViewController.class.php(46): waController->run(NULL)
#13 wa-system/controller/waFrontController.class.php(229): waViewController->run(NULL)
#14 wa-system/controller/waFrontController.class.php(164): waFrontController->runController(Object(waDefaultViewController), NULL)
#15 wa-system/controller/waFrontController.class.php(58): waFrontController->execute(NULL, 'backend', 'welcome')
#16 wa-system/waSystem.class.php(552): waFrontController->dispatch()
#17 wa-system/waSystem.class.php(483): waSystem->dispatchBackend('webasyst/shop/')
#18 index.php(7): waSystem->dispatch()
#19 {main}

2017-09-29 16:29:06 127.0.0.1
Query Error 1062: Duplicate entry '24-мужской' for key 'values'
Query: INSERT  INTO shop_feature_values_varchar
                   (`value`, `sort`, `feature_id`) VALUES ('мужской', '1', '24')
## wa-system/database/waModel.class.php(243)
#0 wa-system/database/waModel.class.php(343): waModel->run('INSERT  INTO sh...')
#1 wa-system/database/waModel.class.php(569): waModel->query('INSERT  INTO sh...')
#2 wa-apps/shop/lib/model/shopSortable.model.php(129): waModel->insert(Array, 0)
#3 wa-apps/shop/lib/model/shopFeatureValues.model.php(235): shopSortableModel->insert(Array)
#4 wa-apps/shop/lib/model/shopFeature.model.php(386): shopFeatureValuesModel->addValue('24', '??????????????', NULL, 'varchar', 1)
#5 wa-apps/shop/lib/model/shopType.model.php(271): shopFeatureModel->setValues(Array, Array, false, true)
#6 wa-apps/shop/lib/actions/backend/shopBackendWelcome.action.php(116): shopTypeModel->insertTemplate('sports')
#7 wa-apps/shop/lib/actions/backend/shopBackendWelcome.action.php(37): shopBackendWelcomeAction->setup()
#8 wa-system/controller/waViewAction.class.php(170): shopBackendWelcomeAction->execute()
#9 wa-system/controller/waViewController.class.php(86): waViewAction->display()
#10 wa-system/controller/waDefaultViewController.class.php(48): waViewController->executeAction(Object(shopBackendWelcomeAction))
#11 wa-system/controller/waController.class.php(21): waDefaultViewController->execute()
#12 wa-system/controller/waViewController.class.php(46): waController->run(NULL)
#13 wa-system/controller/waFrontController.class.php(229): waViewController->run(NULL)
#14 wa-system/controller/waFrontController.class.php(164): waFrontController->runController(Object(waDefaultViewController), NULL)
#15 wa-system/controller/waFrontController.class.php(58): waFrontController->execute(NULL, 'backend', 'welcome')
#16 wa-system/waSystem.class.php(552): waFrontController->dispatch()
#17 wa-system/waSystem.class.php(483): waSystem->dispatchBackend('webasyst/shop/')
#18 index.php(7): waSystem->dispatch()
#19 {main}

2017-09-29 16:29:06 127.0.0.1
Query Error 1062: Duplicate entry '24-женский' for key 'values'
Query: INSERT  INTO shop_feature_values_varchar
                   (`value`, `sort`, `feature_id`) VALUES ('женский', '2', '24')
## wa-system/database/waModel.class.php(243)
#0 wa-system/database/waModel.class.php(343): waModel->run('INSERT  INTO sh...')
#1 wa-system/database/waModel.class.php(569): waModel->query('INSERT  INTO sh...')
#2 wa-apps/shop/lib/model/shopSortable.model.php(129): waModel->insert(Array, 0)
#3 wa-apps/shop/lib/model/shopFeatureValues.model.php(235): shopSortableModel->insert(Array)
#4 wa-apps/shop/lib/model/shopFeature.model.php(386): shopFeatureValuesModel->addValue('24', '??????????????', NULL, 'varchar', 2)
#5 wa-apps/shop/lib/model/shopType.model.php(271): shopFeatureModel->setValues(Array, Array, false, true)
#6 wa-apps/shop/lib/actions/backend/shopBackendWelcome.action.php(116): shopTypeModel->insertTemplate('sports')
#7 wa-apps/shop/lib/actions/backend/shopBackendWelcome.action.php(37): shopBackendWelcomeAction->setup()
#8 wa-system/controller/waViewAction.class.php(170): shopBackendWelcomeAction->execute()
#9 wa-system/controller/waViewController.class.php(86): waViewAction->display()
#10 wa-system/controller/waDefaultViewController.class.php(48): waViewController->executeAction(Object(shopBackendWelcomeAction))
#11 wa-system/controller/waController.class.php(21): waDefaultViewController->execute()
#12 wa-system/controller/waViewController.class.php(46): waController->run(NULL)
#13 wa-system/controller/waFrontController.class.php(229): waViewController->run(NULL)
#14 wa-system/controller/waFrontController.class.php(164): waFrontController->runController(Object(waDefaultViewController), NULL)
#15 wa-system/controller/waFrontController.class.php(58): waFrontController->execute(NULL, 'backend', 'welcome')
#16 wa-system/waSystem.class.php(552): waFrontController->dispatch()
#17 wa-system/waSystem.class.php(483): waSystem->dispatchBackend('webasyst/shop/')
#18 index.php(7): waSystem->dispatch()
#19 {main}

2017-09-29 16:29:06 127.0.0.1
Query Error 1062: Duplicate entry '24-унисекс' for key 'values'
Query: INSERT  INTO shop_feature_values_varchar
                   (`value`, `sort`, `feature_id`) VALUES ('унисекс', '3', '24')
## wa-system/database/waModel.class.php(243)
#0 wa-system/database/waModel.class.php(343): waModel->run('INSERT  INTO sh...')
#1 wa-system/database/waModel.class.php(569): waModel->query('INSERT  INTO sh...')
#2 wa-apps/shop/lib/model/shopSortable.model.php(129): waModel->insert(Array, 0)
#3 wa-apps/shop/lib/model/shopFeatureValues.model.php(235): shopSortableModel->insert(Array)
#4 wa-apps/shop/lib/model/shopFeature.model.php(386): shopFeatureValuesModel->addValue('24', '??????????????', NULL, 'varchar', 3)
#5 wa-apps/shop/lib/model/shopType.model.php(271): shopFeatureModel->setValues(Array, Array, false, true)
#6 wa-apps/shop/lib/actions/backend/shopBackendWelcome.action.php(116): shopTypeModel->insertTemplate('sports')
#7 wa-apps/shop/lib/actions/backend/shopBackendWelcome.action.php(37): shopBackendWelcomeAction->setup()
#8 wa-system/controller/waViewAction.class.php(170): shopBackendWelcomeAction->execute()
#9 wa-system/controller/waViewController.class.php(86): waViewAction->display()
#10 wa-system/controller/waDefaultViewController.class.php(48): waViewController->executeAction(Object(shopBackendWelcomeAction))
#11 wa-system/controller/waController.class.php(21): waDefaultViewController->execute()
#12 wa-system/controller/waViewController.class.php(46): waController->run(NULL)
#13 wa-system/controller/waFrontController.class.php(229): waViewController->run(NULL)
#14 wa-system/controller/waFrontController.class.php(164): waFrontController->runController(Object(waDefaultViewController), NULL)
#15 wa-system/controller/waFrontController.class.php(58): waFrontController->execute(NULL, 'backend', 'welcome')
#16 wa-system/waSystem.class.php(552): waFrontController->dispatch()
#17 wa-system/waSystem.class.php(483): waSystem->dispatchBackend('webasyst/shop/')
#18 index.php(7): waSystem->dispatch()
#19 {main}

2017-09-29 16:29:06 127.0.0.1
Query Error 1062: Duplicate entry '53-пластик' for key 'values'
Query: INSERT  INTO shop_feature_values_varchar
                   (`value`, `sort`, `feature_id`) VALUES ('пластик', '2', '53')
## wa-system/database/waModel.class.php(243)
#0 wa-system/database/waModel.class.php(343): waModel->run('INSERT  INTO sh...')
#1 wa-system/database/waModel.class.php(569): waModel->query('INSERT  INTO sh...')
#2 wa-apps/shop/lib/model/shopSortable.model.php(129): waModel->insert(Array, 0)
#3 wa-apps/shop/lib/model/shopFeatureValues.model.php(235): shopSortableModel->insert(Array)
#4 wa-apps/shop/lib/model/shopFeature.model.php(386): shopFeatureValuesModel->addValue('53', '??????????????', NULL, 'varchar', 2)
#5 wa-apps/shop/lib/model/shopType.model.php(271): shopFeatureModel->setValues(Array, Array, false, true)
#6 wa-apps/shop/lib/actions/backend/shopBackendWelcome.action.php(116): shopTypeModel->insertTemplate('toys')
#7 wa-apps/shop/lib/actions/backend/shopBackendWelcome.action.php(37): shopBackendWelcomeAction->setup()
#8 wa-system/controller/waViewAction.class.php(170): shopBackendWelcomeAction->execute()
#9 wa-system/controller/waViewController.class.php(86): waViewAction->display()
#10 wa-system/controller/waDefaultViewController.class.php(48): waViewController->executeAction(Object(shopBackendWelcomeAction))
#11 wa-system/controller/waController.class.php(21): waDefaultViewController->execute()
#12 wa-system/controller/waViewController.class.php(46): waController->run(NULL)
#13 wa-system/controller/waFrontController.class.php(229): waViewController->run(NULL)
#14 wa-system/controller/waFrontController.class.php(164): waFrontController->runController(Object(waDefaultViewController), NULL)
#15 wa-system/controller/waFrontController.class.php(58): waFrontController->execute(NULL, 'backend', 'welcome')
#16 wa-system/waSystem.class.php(552): waFrontController->dispatch()
#17 wa-system/waSystem.class.php(483): waSystem->dispatchBackend('webasyst/shop/')
#18 index.php(7): waSystem->dispatch()
#19 {main}

2017-09-29 16:29:06 127.0.0.1
Query Error 1062: Duplicate entry '2-батарея' for key 'values'
Query: INSERT  INTO shop_feature_values_varchar
                   (`value`, `sort`, `feature_id`) VALUES ('батарея', '2', '2')
## wa-system/database/waModel.class.php(243)
#0 wa-system/database/waModel.class.php(343): waModel->run('INSERT  INTO sh...')
#1 wa-system/database/waModel.class.php(569): waModel->query('INSERT  INTO sh...')
#2 wa-apps/shop/lib/model/shopSortable.model.php(129): waModel->insert(Array, 0)
#3 wa-apps/shop/lib/model/shopFeatureValues.model.php(235): shopSortableModel->insert(Array)
#4 wa-apps/shop/lib/model/shopFeature.model.php(386): shopFeatureValuesModel->addValue('2', '??????????????', NULL, 'varchar', 2)
#5 wa-apps/shop/lib/model/shopType.model.php(271): shopFeatureModel->setValues(Array, Array, false, true)
#6 wa-apps/shop/lib/actions/backend/shopBackendWelcome.action.php(116): shopTypeModel->insertTemplate('watches')
#7 wa-apps/shop/lib/actions/backend/shopBackendWelcome.action.php(37): shopBackendWelcomeAction->setup()
#8 wa-system/controller/waViewAction.class.php(170): shopBackendWelcomeAction->execute()
#9 wa-system/controller/waViewController.class.php(86): waViewAction->display()
#10 wa-system/controller/waDefaultViewController.class.php(48): waViewController->executeAction(Object(shopBackendWelcomeAction))
#11 wa-system/controller/waController.class.php(21): waDefaultViewController->execute()
#12 wa-system/controller/waViewController.class.php(46): waController->run(NULL)
#13 wa-system/controller/waFrontController.class.php(229): waViewController->run(NULL)
#14 wa-system/controller/waFrontController.class.php(164): waFrontController->runController(Object(waDefaultViewController), NULL)
#15 wa-system/controller/waFrontController.class.php(58): waFrontController->execute(NULL, 'backend', 'welcome')
#16 wa-system/waSystem.class.php(552): waFrontController->dispatch()
#17 wa-system/waSystem.class.php(483): waSystem->dispatchBackend('webasyst/shop/')
#18 index.php(7): waSystem->dispatch()
#19 {main}

2017-09-29 16:29:06 127.0.0.1
Query Error 1062: Duplicate entry '24-мужской' for key 'values'
Query: INSERT  INTO shop_feature_values_varchar
                   (`value`, `sort`, `feature_id`) VALUES ('мужской', '1', '24')
## wa-system/database/waModel.class.php(243)
#0 wa-system/database/waModel.class.php(343): waModel->run('INSERT  INTO sh...')
#1 wa-system/database/waModel.class.php(569): waModel->query('INSERT  INTO sh...')
#2 wa-apps/shop/lib/model/shopSortable.model.php(129): waModel->insert(Array, 0)
#3 wa-apps/shop/lib/model/shopFeatureValues.model.php(235): shopSortableModel->insert(Array)
#4 wa-apps/shop/lib/model/shopFeature.model.php(386): shopFeatureValuesModel->addValue('24', '??????????????', NULL, 'varchar', 1)
#5 wa-apps/shop/lib/model/shopType.model.php(271): shopFeatureModel->setValues(Array, Array, false, true)
#6 wa-apps/shop/lib/actions/backend/shopBackendWelcome.action.php(116): shopTypeModel->insertTemplate('watches')
#7 wa-apps/shop/lib/actions/backend/shopBackendWelcome.action.php(37): shopBackendWelcomeAction->setup()
#8 wa-system/controller/waViewAction.class.php(170): shopBackendWelcomeAction->execute()
#9 wa-system/controller/waViewController.class.php(86): waViewAction->display()
#10 wa-system/controller/waDefaultViewController.class.php(48): waViewController->executeAction(Object(shopBackendWelcomeAction))
#11 wa-system/controller/waController.class.php(21): waDefaultViewController->execute()
#12 wa-system/controller/waViewController.class.php(46): waController->run(NULL)
#13 wa-system/controller/waFrontController.class.php(229): waViewController->run(NULL)
#14 wa-system/controller/waFrontController.class.php(164): waFrontController->runController(Object(waDefaultViewController), NULL)
#15 wa-system/controller/waFrontController.class.php(58): waFrontController->execute(NULL, 'backend', 'welcome')
#16 wa-system/waSystem.class.php(552): waFrontController->dispatch()
#17 wa-system/waSystem.class.php(483): waSystem->dispatchBackend('webasyst/shop/')
#18 index.php(7): waSystem->dispatch()
#19 {main}

2017-09-29 16:29:06 127.0.0.1
Query Error 1062: Duplicate entry '24-женский' for key 'values'
Query: INSERT  INTO shop_feature_values_varchar
                   (`value`, `sort`, `feature_id`) VALUES ('женский', '2', '24')
## wa-system/database/waModel.class.php(243)
#0 wa-system/database/waModel.class.php(343): waModel->run('INSERT  INTO sh...')
#1 wa-system/database/waModel.class.php(569): waModel->query('INSERT  INTO sh...')
#2 wa-apps/shop/lib/model/shopSortable.model.php(129): waModel->insert(Array, 0)
#3 wa-apps/shop/lib/model/shopFeatureValues.model.php(235): shopSortableModel->insert(Array)
#4 wa-apps/shop/lib/model/shopFeature.model.php(386): shopFeatureValuesModel->addValue('24', '??????????????', NULL, 'varchar', 2)
#5 wa-apps/shop/lib/model/shopType.model.php(271): shopFeatureModel->setValues(Array, Array, false, true)
#6 wa-apps/shop/lib/actions/backend/shopBackendWelcome.action.php(116): shopTypeModel->insertTemplate('watches')
#7 wa-apps/shop/lib/actions/backend/shopBackendWelcome.action.php(37): shopBackendWelcomeAction->setup()
#8 wa-system/controller/waViewAction.class.php(170): shopBackendWelcomeAction->execute()
#9 wa-system/controller/waViewController.class.php(86): waViewAction->display()
#10 wa-system/controller/waDefaultViewController.class.php(48): waViewController->executeAction(Object(shopBackendWelcomeAction))
#11 wa-system/controller/waController.class.php(21): waDefaultViewController->execute()
#12 wa-system/controller/waViewController.class.php(46): waController->run(NULL)
#13 wa-system/controller/waFrontController.class.php(229): waViewController->run(NULL)
#14 wa-system/controller/waFrontController.class.php(164): waFrontController->runController(Object(waDefaultViewController), NULL)
#15 wa-system/controller/waFrontController.class.php(58): waFrontController->execute(NULL, 'backend', 'welcome')
#16 wa-system/waSystem.class.php(552): waFrontController->dispatch()
#17 wa-system/waSystem.class.php(483): waSystem->dispatchBackend('webasyst/shop/')
#18 index.php(7): waSystem->dispatch()
#19 {main}

2017-09-29 16:29:06 127.0.0.1
Query Error 1062: Duplicate entry '24-унисекс' for key 'values'
Query: INSERT  INTO shop_feature_values_varchar
                   (`value`, `sort`, `feature_id`) VALUES ('унисекс', '3', '24')
## wa-system/database/waModel.class.php(243)
#0 wa-system/database/waModel.class.php(343): waModel->run('INSERT  INTO sh...')
#1 wa-system/database/waModel.class.php(569): waModel->query('INSERT  INTO sh...')
#2 wa-apps/shop/lib/model/shopSortable.model.php(129): waModel->insert(Array, 0)
#3 wa-apps/shop/lib/model/shopFeatureValues.model.php(235): shopSortableModel->insert(Array)
#4 wa-apps/shop/lib/model/shopFeature.model.php(386): shopFeatureValuesModel->addValue('24', '??????????????', NULL, 'varchar', 3)
#5 wa-apps/shop/lib/model/shopType.model.php(271): shopFeatureModel->setValues(Array, Array, false, true)
#6 wa-apps/shop/lib/actions/backend/shopBackendWelcome.action.php(116): shopTypeModel->insertTemplate('watches')
#7 wa-apps/shop/lib/actions/backend/shopBackendWelcome.action.php(37): shopBackendWelcomeAction->setup()
#8 wa-system/controller/waViewAction.class.php(170): shopBackendWelcomeAction->execute()
#9 wa-system/controller/waViewController.class.php(86): waViewAction->display()
#10 wa-system/controller/waDefaultViewController.class.php(48): waViewController->executeAction(Object(shopBackendWelcomeAction))
#11 wa-system/controller/waController.class.php(21): waDefaultViewController->execute()
#12 wa-system/controller/waViewController.class.php(46): waController->run(NULL)
#13 wa-system/controller/waFrontController.class.php(229): waViewController->run(NULL)
#14 wa-system/controller/waFrontController.class.php(164): waFrontController->runController(Object(waDefaultViewController), NULL)
#15 wa-system/controller/waFrontController.class.php(58): waFrontController->execute(NULL, 'backend', 'welcome')
#16 wa-system/waSystem.class.php(552): waFrontController->dispatch()
#17 wa-system/waSystem.class.php(483): waSystem->dispatchBackend('webasyst/shop/')
#18 index.php(7): waSystem->dispatch()
#19 {main}
